2025-04-08 18:55:09.843190 - Received CBT.V508.FILE1046.PDS from FILE1046.XMI 
2025-04-08 18:55:09.847076 - Found $$$#DATE.txt (text/plain) in CBT.V508.FILE1046.PDS, moved to PDS/$$$#DATE
2025-04-08 18:55:09.848542 - Found $$$INDEX.txt (text/plain) in CBT.V508.FILE1046.PDS, moved to PDS/$$$INDEX
2025-04-08 18:55:09.849911 - Found $$INFO.txt (text/plain) in CBT.V508.FILE1046.PDS, moved to PDS/$$INFO
2025-04-08 18:55:09.851407 - Found $$INSTAL.txt (text/plain) in CBT.V508.FILE1046.PDS, moved to PDS/$$INSTAL
2025-04-08 18:55:09.853055 - Found $$NOTE00.txt (text/plain) in CBT.V508.FILE1046.PDS, moved to PDS/$$NOTE00
2025-04-08 18:55:09.854526 - Found @FIL1046.txt (text/plain) in CBT.V508.FILE1046.PDS, moved to PDS/@FIL1046
2025-04-08 18:55:09.855925 - Found COPYRITE.txt (text/plain) in CBT.V508.FILE1046.PDS, moved to PDS/COPYRITE
2025-04-08 18:55:09.857448 - Found DISCLAIM.txt (text/plain) in CBT.V508.FILE1046.PDS, moved to PDS/DISCLAIM
2025-04-08 18:55:09.859224 - Found ISPMLIB.xmi (application/xmit) in CBT.V508.FILE1046.PDS, moved to PDS/ISPMLIB.xmi
2025-04-08 18:55:09.871496 - Received ABBYDALE.GENPREP.ISPMLIB from ISPMLIB.xmi 
2025-04-08 18:55:09.873837 - Found GPREP00.txt (text/plain) in ABBYDALE.GENPREP.ISPMLIB, moved to ISPMLIB/GPREP00
2025-04-08 18:55:09.875613 - Found ISPPLIB.xmi (application/xmit) in CBT.V508.FILE1046.PDS, moved to PDS/ISPPLIB.xmi
2025-04-08 18:55:09.883732 - Received ABBYDALE.GENPREP.ISPPLIB from ISPPLIB.xmi 
2025-04-08 18:55:09.885897 - Found ASLGPP01.bin (application/octet-stream) in ABBYDALE.GENPREP.ISPPLIB, moved to ISPPLIB/ASLGPP01
2025-04-08 18:55:09.887664 - Found LOADLIB.xmi (application/xmit) in CBT.V508.FILE1046.PDS, moved to PDS/LOADLIB.xmi
2025-04-08 18:55:09.895474 - Received ABBYDALE.GENPREP.LOADLIB from LOADLIB.xmi 
2025-04-08 18:55:09.897634 - Found UCBSUBR.bin (application/octet-stream) in ABBYDALE.GENPREP.LOADLIB, moved to LOADLIB/UCBSUBR
2025-04-08 18:55:09.904293 - Found PDF.pdf (application/pdf) in CBT.V508.FILE1046.PDS, moved to docs/PDF.pdf
2025-04-08 18:55:09.906086 - Found README.txt (text/plain) in CBT.V508.FILE1046.PDS, moved to PDS/README
2025-04-08 18:55:09.908338 - Found REXX.xmi (application/xmit) in CBT.V508.FILE1046.PDS, moved to PDS/REXX.xmi
2025-04-08 18:55:10.000593 - Received ABBYDALE.GENPREP.REXX from REXX.xmi 
2025-04-08 18:55:10.003384 - Found $$$INDEX.txt (text/plain) in ABBYDALE.GENPREP.REXX, moved to REXX/$$$INDEX
2025-04-08 18:55:10.004874 - Found CHECKDSN.rexx (text/plain) in ABBYDALE.GENPREP.REXX, moved to REXX/CHECKDSN
2025-04-08 18:55:10.006496 - Found FINDMOD.rexx (text/plain) in ABBYDALE.GENPREP.REXX, moved to REXX/FINDMOD
2025-04-08 18:55:10.008094 - Found GENPREP.rexx (text/plain) in ABBYDALE.GENPREP.REXX, moved to REXX/GENPREP
2025-04-08 18:55:10.009669 - Found MEMMATCH.rexx (text/plain) in ABBYDALE.GENPREP.REXX, moved to REXX/MEMMATCH
2025-04-08 18:55:10.011303 - Found VALIDVOL.rexx (text/plain) in ABBYDALE.GENPREP.REXX, moved to REXX/VALIDVOL
2025-04-08 18:55:10.013437 - Found UCBSUBR.txt (text/plain) in CBT.V508.FILE1046.PDS, moved to PDS/UCBSUBR
2025-04-08 18:55:10.014980 - Found UNPACK.rexx (text/plain) in CBT.V508.FILE1046.PDS, moved to PDS/UNPACK
